<?xml version="1.0" encoding="UTF-8"?>
<!-- Generated by org.testng.reporters.JUnitReportReporter -->
<testsuite skipped="0" hostname="LAPTOP-RVCR72OL" name="com.inetbanking.testCases.TC_LoginTest_001" tests="1" failures="0" timestamp="05 Jan 2021 16:26:56 GMT" time="2.315" errors="0">
  <testcase name="loginTest" time="2.315" classname="com.inetbanking.testCases.TC_LoginTest_001"/>
</testsuite> <!-- com.inetbanking.testCases.TC_LoginTest_001 -->
