<?xml version="1.0" encoding="UTF-8"?>
<!-- Generated by org.testng.reporters.JUnitReportReporter -->
<testsuite skipped="0" hostname="LAPTOP-RVCR72OL" name="com.inetbanking.testCases.TC_AddCustomerTest_003" tests="1" failures="0" timestamp="05 Jan 2021 16:26:56 GMT" time="16.787" errors="0">
  <testcase name="addNewCustomer" time="16.787" classname="com.inetbanking.testCases.TC_AddCustomerTest_003"/>
</testsuite> <!-- com.inetbanking.testCases.TC_AddCustomerTest_003 -->
